[debug] [2025-03-10T07:23:57.903Z] ----------------------------------------------------------------------
[debug] [2025-03-10T07:23:57.909Z] Command:       /usr/bin/node /workspace/porfolio-kinder/node_modules/.bin/firebase deploy --only hosting
[debug] [2025-03-10T07:23:57.910Z] CLI Version:   13.32.0
[debug] [2025-03-10T07:23:57.911Z] Platform:      linux
[debug] [2025-03-10T07:23:57.911Z] Node Version:  v22.13.1
[debug] [2025-03-10T07:23:57.912Z] Time:          Mon Mar 10 2025 07:23:57 GMT+0000 (Coordinated Universal Time)
[debug] [2025-03-10T07:23:57.912Z] ----------------------------------------------------------------------
[debug] 
[debug] [2025-03-10T07:23:57.918Z] >>> [apiv2][query] GET https://firebase-public.firebaseio.com/cli.json [none]
[debug] [2025-03-10T07:23:58.457Z] > command requires scopes: ["email","openid","https://www.googleapis.com/auth/cloudplatformprojects.readonly","https://www.googleapis.com/auth/firebase","https://www.googleapis.com/auth/cloud-platform"]
[debug] [2025-03-10T07:23:58.458Z] > authorizing via signed-in user (andreavillartr@gmail.com)
[debug] [2025-03-10T07:23:58.459Z] [iam] checking project kinder-porfolio for permissions ["firebase.projects.get","firebasehosting.sites.update"]
[debug] [2025-03-10T07:23:58.460Z] Checked if tokens are valid: false, expires at: 1741486945204
[debug] [2025-03-10T07:23:58.461Z] Checked if tokens are valid: false, expires at: 1741486945204
[debug] [2025-03-10T07:23:58.461Z] > refreshing access token with scopes: []
[debug] [2025-03-10T07:23:58.464Z] >>> [apiv2][query] POST https://www.googleapis.com/oauth2/v3/token [none]
[debug] [2025-03-10T07:23:58.464Z] >>> [apiv2][body] POST https://www.googleapis.com/oauth2/v3/token [omitted]
[debug] [2025-03-10T07:23:58.655Z] <<< [apiv2][status] POST https://www.googleapis.com/oauth2/v3/token 200
[debug] [2025-03-10T07:23:58.655Z] <<< [apiv2][body] POST https://www.googleapis.com/oauth2/v3/token [omitted]
[debug] [2025-03-10T07:23:58.667Z] >>> [apiv2][query] POST https://cloudresourcemanager.googleapis.com/v1/projects/kinder-porfolio:testIamPermissions [none]
[debug] [2025-03-10T07:23:58.667Z] >>> [apiv2][(partial)header] POST https://cloudresourcemanager.googleapis.com/v1/projects/kinder-porfolio:testIamPermissions x-goog-quota-user=projects/kinder-porfolio
[debug] [2025-03-10T07:23:58.667Z] >>> [apiv2][body] POST https://cloudresourcemanager.googleapis.com/v1/projects/kinder-porfolio:testIamPermissions {"permissions":["firebase.projects.get","firebasehosting.sites.update"]}
[debug] [2025-03-10T07:23:58.750Z] <<< [apiv2][status] GET https://firebase-public.firebaseio.com/cli.json 200
[debug] [2025-03-10T07:23:58.750Z] <<< [apiv2][body] GET https://firebase-public.firebaseio.com/cli.json {"cloudBuildErrorAfter":1594252800000,"cloudBuildWarnAfter":1590019200000,"defaultNode10After":1594252800000,"minVersion":"3.0.5","node8DeploysDisabledAfter":1613390400000,"node8RuntimeDisabledAfter":1615809600000,"node8WarnAfter":1600128000000}
[debug] [2025-03-10T07:23:59.431Z] <<< [apiv2][status] POST https://cloudresourcemanager.googleapis.com/v1/projects/kinder-porfolio:testIamPermissions 200
[debug] [2025-03-10T07:23:59.431Z] <<< [apiv2][body] POST https://cloudresourcemanager.googleapis.com/v1/projects/kinder-porfolio:testIamPermissions {"permissions":["firebase.projects.get","firebasehosting.sites.update"]}
[debug] [2025-03-10T07:23:59.433Z] Checked if tokens are valid: true, expires at: 1741595037655
[debug] [2025-03-10T07:23:59.433Z] Checked if tokens are valid: true, expires at: 1741595037655
[debug] [2025-03-10T07:23:59.433Z] >>> [apiv2][query] GET https://firebase.googleapis.com/v1beta1/projects/kinder-porfolio [none]
[debug] [2025-03-10T07:23:59.720Z] <<< [apiv2][status] GET https://firebase.googleapis.com/v1beta1/projects/kinder-porfolio 200
